<?xml version="1.0" encoding="UTF-8"?>
<!-- Generated by org.testng.reporters.JUnitXMLReporter -->
<testsuite ignored="0" hostname="magneto-anand" failures="0" tests="7" name="E2E Tests" time="77.48" errors="0" timestamp="2026-04-03T15:08:50 IST">
  <testcase classname="tests.EndToEndTest" name="verifyHomePage" time="0.037"/>
  <testcase classname="tests.EndToEndTest" name="signupTest" time="3.753"/>
  <testcase classname="tests.EndToEndTest" name="loginTest" time="18.44"/>
  <testcase classname="tests.EndToEndTest" name="aboutTest" time="2.879"/>
  <testcase classname="tests.EndToEndTest" name="contactTest" time="1.116"/>
  <testcase classname="tests.EndToEndTest" name="productTest" time="8.465"/>
  <testcase classname="tests.EndToEndTest" name="cartTest" time="4.015"/>
</testsuite> <!-- E2E Tests -->
