<?xml version="1.0" encoding="UTF-8"?>
<!-- Generated by org.testng.reporters.JUnitXMLReporter -->
<testsuite ignored="0" hostname="magneto-anand" failures="0" tests="7" name="E2E Tests" time="70.809" errors="0" timestamp="2026-04-02T17:04:01 IST">
  <testcase classname="tests.EndToEndTest" name="verifyHomePage" time="0.023"/>
  <testcase classname="tests.EndToEndTest" name="signupTest" time="3.356"/>
  <testcase classname="tests.EndToEndTest" name="loginTest" time="16.389"/>
  <testcase classname="tests.EndToEndTest" name="aboutTest" time="2.69"/>
  <testcase classname="tests.EndToEndTest" name="contactTest" time="0.833"/>
  <testcase classname="tests.EndToEndTest" name="productTest" time="6.802"/>
  <testcase classname="tests.EndToEndTest" name="cartTest" time="1.975"/>
</testsuite> <!-- E2E Tests -->
