<?xml version="1.0" encoding="UTF-8"?>
<!-- Generated by org.testng.reporters.JUnitXMLReporter -->
<testsuite ignored="0" hostname="magneto-anand" failures="0" tests="7" name="Default test" time="54.326" errors="0" timestamp="2026-03-09T10:27:12 IST">
  <testcase classname="tests.EndToEndTest" name="verifyHomePage" time="0.016"/>
  <testcase classname="tests.EndToEndTest" name="signupTest" time="1.874"/>
  <testcase classname="tests.EndToEndTest" name="loginTest" time="13.58"/>
  <testcase classname="tests.EndToEndTest" name="aboutTest" time="2.699"/>
  <testcase classname="tests.EndToEndTest" name="contactTest" time="0.951"/>
  <testcase classname="tests.EndToEndTest" name="productTest" time="3.536"/>
  <testcase classname="tests.EndToEndTest" name="cartTest" time="1.871"/>
</testsuite> <!-- Default test -->
