<?xml version="1.0" encoding="UTF-8"?>
<!-- Generated by org.testng.reporters.JUnitXMLReporter -->
<testsuite ignored="0" hostname="magneto-anand" failures="0" tests="8" name="DemoBlaze Tests" time="75.466" errors="0" timestamp="2026-03-06T11:51:58 IST">
  <testcase classname="tests.EndToEndTest" name="completeE2ETest" time="16.323"/>
  <testcase classname="tests.EndToEndTest" name="verifyHomePage" time="1.145"/>
  <testcase classname="tests.EndToEndTest" name="signupTest" time="1.959"/>
  <testcase classname="tests.EndToEndTest" name="loginTest" time="14.416"/>
  <testcase classname="tests.EndToEndTest" name="aboutTest" time="2.759"/>
  <testcase classname="tests.EndToEndTest" name="contactTest" time="0.922"/>
  <testcase classname="tests.EndToEndTest" name="productTest" time="3.621"/>
  <testcase classname="tests.EndToEndTest" name="cartTest" time="1.845"/>
</testsuite> <!-- DemoBlaze Tests -->
