<?xml version="1.0" encoding="UTF-8"?>
<testng-results ignored="0" total="7" passed="7" failed="0" skipped="0">
  <reporter-output>
  </reporter-output>
  <suite started-at="2026-04-03T15:07:32 IST" name="DemoBlaze Automation Suite" finished-at="2026-04-03T15:08:50 IST" duration-ms="77480">
    <groups>
    </groups>
    <test started-at="2026-04-03T15:07:32 IST" name="E2E Tests" finished-at="2026-04-03T15:08:50 IST" duration-ms="77480">
      <class name="tests.EndToEndTest">
        <test-method is-config="true" signature="setup()[pri:0, instance:tests.EndToEndTest@7dfd3c81]" started-at="2026-04-03T15:07:32 IST" name="setup" finished-at="2026-04-03T15:07:43 IST" duration-ms="10915" status="PASS">
          <reporter-output>
          </reporter-output>
        </test-method> <!-- setup -->
        <test-method signature="verifyHomePage()[pri:1, instance:tests.EndToEndTest@7dfd3c81]" started-at="2026-04-03T15:07:43 IST" name="verifyHomePage" finished-at="2026-04-03T15:07:43 IST" duration-ms="37" status="PASS">
          <reporter-output>
          </reporter-output>
        </test-method> <!-- verifyHomePage -->
        <test-method is-config="true" signature="tearDown()[pri:0, instance:tests.EndToEndTest@7dfd3c81]" started-at="2026-04-03T15:07:43 IST" name="tearDown" finished-at="2026-04-03T15:07:44 IST" duration-ms="158" status="PASS">
          <reporter-output>
          </reporter-output>
        </test-method> <!-- tearDown -->
        <test-method is-config="true" signature="setup()[pri:0, instance:tests.EndToEndTest@7dfd3c81]" started-at="2026-04-03T15:07:44 IST" name="setup" finished-at="2026-04-03T15:07:48 IST" duration-ms="4800" status="PASS">
          <reporter-output>
          </reporter-output>
        </test-method> <!-- setup -->
        <test-method signature="signupTest()[pri:2, instance:tests.EndToEndTest@7dfd3c81]" started-at="2026-04-03T15:07:48 IST" name="signupTest" finished-at="2026-04-03T15:07:52 IST" duration-ms="3753" status="PASS">
          <reporter-output>
          </reporter-output>
        </test-method> <!-- signupTest -->
        <test-method is-config="true" signature="tearDown()[pri:0, instance:tests.EndToEndTest@7dfd3c81]" started-at="2026-04-03T15:07:52 IST" name="tearDown" finished-at="2026-04-03T15:07:52 IST" duration-ms="171" status="PASS">
          <reporter-output>
          </reporter-output>
        </test-method> <!-- tearDown -->
        <test-method is-config="true" signature="setup()[pri:0, instance:tests.EndToEndTest@7dfd3c81]" started-at="2026-04-03T15:07:52 IST" name="setup" finished-at="2026-04-03T15:07:57 IST" duration-ms="4748" status="PASS">
          <reporter-output>
          </reporter-output>
        </test-method> <!-- setup -->
        <test-method signature="loginTest()[pri:3, instance:tests.EndToEndTest@7dfd3c81]" started-at="2026-04-03T15:07:57 IST" name="loginTest" finished-at="2026-04-03T15:08:16 IST" duration-ms="18440" status="PASS">
          <reporter-output>
          </reporter-output>
        </test-method> <!-- loginTest -->
        <test-method is-config="true" signature="tearDown()[pri:0, instance:tests.EndToEndTest@7dfd3c81]" started-at="2026-04-03T15:08:16 IST" name="tearDown" finished-at="2026-04-03T15:08:16 IST" duration-ms="195" status="PASS">
          <reporter-output>
          </reporter-output>
        </test-method> <!-- tearDown -->
        <test-method is-config="true" signature="setup()[pri:0, instance:tests.EndToEndTest@7dfd3c81]" started-at="2026-04-03T15:08:16 IST" name="setup" finished-at="2026-04-03T15:08:20 IST" duration-ms="4704" status="PASS">
          <reporter-output>
          </reporter-output>
        </test-method> <!-- setup -->
        <test-method signature="aboutTest()[pri:4, instance:tests.EndToEndTest@7dfd3c81]" started-at="2026-04-03T15:08:20 IST" name="aboutTest" finished-at="2026-04-03T15:08:23 IST" duration-ms="2879" status="PASS">
          <reporter-output>
          </reporter-output>
        </test-method> <!-- aboutTest -->
        <test-method is-config="true" signature="tearDown()[pri:0, instance:tests.EndToEndTest@7dfd3c81]" started-at="2026-04-03T15:08:23 IST" name="tearDown" finished-at="2026-04-03T15:08:24 IST" duration-ms="191" status="PASS">
          <reporter-output>
          </reporter-output>
        </test-method> <!-- tearDown -->
        <test-method is-config="true" signature="setup()[pri:0, instance:tests.EndToEndTest@7dfd3c81]" started-at="2026-04-03T15:08:24 IST" name="setup" finished-at="2026-04-03T15:08:27 IST" duration-ms="3865" status="PASS">
          <reporter-output>
          </reporter-output>
        </test-method> <!-- setup -->
        <test-method signature="contactTest()[pri:5, instance:tests.EndToEndTest@7dfd3c81]" started-at="2026-04-03T15:08:27 IST" name="contactTest" finished-at="2026-04-03T15:08:28 IST" duration-ms="1116" status="PASS">
          <reporter-output>
          </reporter-output>
        </test-method> <!-- contactTest -->
        <test-method is-config="true" signature="tearDown()[pri:0, instance:tests.EndToEndTest@7dfd3c81]" started-at="2026-04-03T15:08:29 IST" name="tearDown" finished-at="2026-04-03T15:08:29 IST" duration-ms="169" status="PASS">
          <reporter-output>
          </reporter-output>
        </test-method> <!-- tearDown -->
        <test-method is-config="true" signature="setup()[pri:0, instance:tests.EndToEndTest@7dfd3c81]" started-at="2026-04-03T15:08:29 IST" name="setup" finished-at="2026-04-03T15:08:32 IST" duration-ms="3416" status="PASS">
          <reporter-output>
          </reporter-output>
        </test-method> <!-- setup -->
        <test-method signature="productTest()[pri:6, instance:tests.EndToEndTest@7dfd3c81]" started-at="2026-04-03T15:08:32 IST" name="productTest" finished-at="2026-04-03T15:08:41 IST" duration-ms="8465" status="PASS">
          <reporter-output>
          </reporter-output>
        </test-method> <!-- productTest -->
        <test-method is-config="true" signature="tearDown()[pri:0, instance:tests.EndToEndTest@7dfd3c81]" started-at="2026-04-03T15:08:41 IST" name="tearDown" finished-at="2026-04-03T15:08:41 IST" duration-ms="167" status="PASS">
          <reporter-output>
          </reporter-output>
        </test-method> <!-- tearDown -->
        <test-method is-config="true" signature="setup()[pri:0, instance:tests.EndToEndTest@7dfd3c81]" started-at="2026-04-03T15:08:41 IST" name="setup" finished-at="2026-04-03T15:08:46 IST" duration-ms="5028" status="PASS">
          <reporter-output>
          </reporter-output>
        </test-method> <!-- setup -->
        <test-method signature="cartTest()[pri:7, instance:tests.EndToEndTest@7dfd3c81]" started-at="2026-04-03T15:08:46 IST" name="cartTest" finished-at="2026-04-03T15:08:50 IST" duration-ms="4015" status="PASS">
          <reporter-output>
          </reporter-output>
        </test-method> <!-- cartTest -->
        <test-method is-config="true" signature="tearDown()[pri:0, instance:tests.EndToEndTest@7dfd3c81]" started-at="2026-04-03T15:08:50 IST" name="tearDown" finished-at="2026-04-03T15:08:50 IST" duration-ms="184" status="PASS">
          <reporter-output>
          </reporter-output>
        </test-method> <!-- tearDown -->
      </class> <!-- tests.EndToEndTest -->
    </test> <!-- E2E Tests -->
  </suite> <!-- DemoBlaze Automation Suite -->
</testng-results>
