<?xml version="1.0" encoding="UTF-8"?>
<testng-results ignored="0" total="7" passed="7" failed="0" skipped="0">
  <reporter-output>
  </reporter-output>
  <suite started-at="2026-04-02T17:02:50 IST" name="DemoBlaze Automation Suite" finished-at="2026-04-02T17:04:01 IST" duration-ms="70809">
    <groups>
    </groups>
    <test started-at="2026-04-02T17:02:50 IST" name="E2E Tests" finished-at="2026-04-02T17:04:01 IST" duration-ms="70809">
      <class name="tests.EndToEndTest">
        <test-method is-config="true" signature="setup()[pri:0, instance:tests.EndToEndTest@7dfd3c81]" started-at="2026-04-02T17:02:50 IST" name="setup" finished-at="2026-04-02T17:02:56 IST" duration-ms="6099" status="PASS">
          <reporter-output>
          </reporter-output>
        </test-method> <!-- setup -->
        <test-method signature="verifyHomePage()[pri:1, instance:tests.EndToEndTest@7dfd3c81]" started-at="2026-04-02T17:02:56 IST" name="verifyHomePage" finished-at="2026-04-02T17:02:56 IST" duration-ms="23" status="PASS">
          <reporter-output>
          </reporter-output>
        </test-method> <!-- verifyHomePage -->
        <test-method is-config="true" signature="tearDown()[pri:0, instance:tests.EndToEndTest@7dfd3c81]" started-at="2026-04-02T17:02:56 IST" name="tearDown" finished-at="2026-04-02T17:02:56 IST" duration-ms="137" status="PASS">
          <reporter-output>
          </reporter-output>
        </test-method> <!-- tearDown -->
        <test-method is-config="true" signature="setup()[pri:0, instance:tests.EndToEndTest@7dfd3c81]" started-at="2026-04-02T17:02:56 IST" name="setup" finished-at="2026-04-02T17:03:00 IST" duration-ms="3751" status="PASS">
          <reporter-output>
          </reporter-output>
        </test-method> <!-- setup -->
        <test-method signature="signupTest()[pri:2, instance:tests.EndToEndTest@7dfd3c81]" started-at="2026-04-02T17:03:00 IST" name="signupTest" finished-at="2026-04-02T17:03:03 IST" duration-ms="3356" status="PASS">
          <reporter-output>
          </reporter-output>
        </test-method> <!-- signupTest -->
        <test-method is-config="true" signature="tearDown()[pri:0, instance:tests.EndToEndTest@7dfd3c81]" started-at="2026-04-02T17:03:03 IST" name="tearDown" finished-at="2026-04-02T17:03:04 IST" duration-ms="171" status="PASS">
          <reporter-output>
          </reporter-output>
        </test-method> <!-- tearDown -->
        <test-method is-config="true" signature="setup()[pri:0, instance:tests.EndToEndTest@7dfd3c81]" started-at="2026-04-02T17:03:04 IST" name="setup" finished-at="2026-04-02T17:03:08 IST" duration-ms="4234" status="PASS">
          <reporter-output>
          </reporter-output>
        </test-method> <!-- setup -->
        <test-method signature="loginTest()[pri:3, instance:tests.EndToEndTest@7dfd3c81]" started-at="2026-04-02T17:03:08 IST" name="loginTest" finished-at="2026-04-02T17:03:24 IST" duration-ms="16389" status="PASS">
          <reporter-output>
          </reporter-output>
        </test-method> <!-- loginTest -->
        <test-method is-config="true" signature="tearDown()[pri:0, instance:tests.EndToEndTest@7dfd3c81]" started-at="2026-04-02T17:03:24 IST" name="tearDown" finished-at="2026-04-02T17:03:24 IST" duration-ms="184" status="PASS">
          <reporter-output>
          </reporter-output>
        </test-method> <!-- tearDown -->
        <test-method is-config="true" signature="setup()[pri:0, instance:tests.EndToEndTest@7dfd3c81]" started-at="2026-04-02T17:03:24 IST" name="setup" finished-at="2026-04-02T17:03:33 IST" duration-ms="8501" status="PASS">
          <reporter-output>
          </reporter-output>
        </test-method> <!-- setup -->
        <test-method signature="aboutTest()[pri:4, instance:tests.EndToEndTest@7dfd3c81]" started-at="2026-04-02T17:03:33 IST" name="aboutTest" finished-at="2026-04-02T17:03:36 IST" duration-ms="2690" status="PASS">
          <reporter-output>
          </reporter-output>
        </test-method> <!-- aboutTest -->
        <test-method is-config="true" signature="tearDown()[pri:0, instance:tests.EndToEndTest@7dfd3c81]" started-at="2026-04-02T17:03:36 IST" name="tearDown" finished-at="2026-04-02T17:03:36 IST" duration-ms="160" status="PASS">
          <reporter-output>
          </reporter-output>
        </test-method> <!-- tearDown -->
        <test-method is-config="true" signature="setup()[pri:0, instance:tests.EndToEndTest@7dfd3c81]" started-at="2026-04-02T17:03:36 IST" name="setup" finished-at="2026-04-02T17:03:40 IST" duration-ms="4566" status="PASS">
          <reporter-output>
          </reporter-output>
        </test-method> <!-- setup -->
        <test-method signature="contactTest()[pri:5, instance:tests.EndToEndTest@7dfd3c81]" started-at="2026-04-02T17:03:40 IST" name="contactTest" finished-at="2026-04-02T17:03:41 IST" duration-ms="833" status="PASS">
          <reporter-output>
          </reporter-output>
        </test-method> <!-- contactTest -->
        <test-method is-config="true" signature="tearDown()[pri:0, instance:tests.EndToEndTest@7dfd3c81]" started-at="2026-04-02T17:03:41 IST" name="tearDown" finished-at="2026-04-02T17:03:41 IST" duration-ms="140" status="PASS">
          <reporter-output>
          </reporter-output>
        </test-method> <!-- tearDown -->
        <test-method is-config="true" signature="setup()[pri:0, instance:tests.EndToEndTest@7dfd3c81]" started-at="2026-04-02T17:03:41 IST" name="setup" finished-at="2026-04-02T17:03:47 IST" duration-ms="5791" status="PASS">
          <reporter-output>
          </reporter-output>
        </test-method> <!-- setup -->
        <test-method signature="productTest()[pri:6, instance:tests.EndToEndTest@7dfd3c81]" started-at="2026-04-02T17:03:47 IST" name="productTest" finished-at="2026-04-02T17:03:54 IST" duration-ms="6802" status="PASS">
          <reporter-output>
          </reporter-output>
        </test-method> <!-- productTest -->
        <test-method is-config="true" signature="tearDown()[pri:0, instance:tests.EndToEndTest@7dfd3c81]" started-at="2026-04-02T17:03:54 IST" name="tearDown" finished-at="2026-04-02T17:03:54 IST" duration-ms="178" status="PASS">
          <reporter-output>
          </reporter-output>
        </test-method> <!-- tearDown -->
        <test-method is-config="true" signature="setup()[pri:0, instance:tests.EndToEndTest@7dfd3c81]" started-at="2026-04-02T17:03:54 IST" name="setup" finished-at="2026-04-02T17:03:59 IST" duration-ms="4495" status="PASS">
          <reporter-output>
          </reporter-output>
        </test-method> <!-- setup -->
        <test-method signature="cartTest()[pri:7, instance:tests.EndToEndTest@7dfd3c81]" started-at="2026-04-02T17:03:59 IST" name="cartTest" finished-at="2026-04-02T17:04:01 IST" duration-ms="1975" status="PASS">
          <reporter-output>
          </reporter-output>
        </test-method> <!-- cartTest -->
        <test-method is-config="true" signature="tearDown()[pri:0, instance:tests.EndToEndTest@7dfd3c81]" started-at="2026-04-02T17:04:01 IST" name="tearDown" finished-at="2026-04-02T17:04:01 IST" duration-ms="295" status="PASS">
          <reporter-output>
          </reporter-output>
        </test-method> <!-- tearDown -->
      </class> <!-- tests.EndToEndTest -->
    </test> <!-- E2E Tests -->
  </suite> <!-- DemoBlaze Automation Suite -->
</testng-results>
