<?xml version="1.0" encoding="UTF-8"?>
<!-- Generated by org.testng.reporters.JUnitReportReporter -->
<testsuite hostname="magneto-anand" failures="0" tests="7" name="tests.EndToEndTest" time="77.416" errors="0" timestamp="2026-04-03T15:08:50 IST" skipped="0">
  <testcase classname="tests.EndToEndTest" name="verifyHomePage" time="11.136"/>
  <testcase classname="tests.EndToEndTest" name="signupTest" time="8.668"/>
  <testcase classname="tests.EndToEndTest" name="loginTest" time="23.335"/>
  <testcase classname="tests.EndToEndTest" name="aboutTest" time="8.078"/>
  <testcase classname="tests.EndToEndTest" name="contactTest" time="6.085"/>
  <testcase classname="tests.EndToEndTest" name="productTest" time="12.525"/>
  <testcase classname="tests.EndToEndTest" name="cartTest" time="7.589"/>
</testsuite> <!-- tests.EndToEndTest -->
