<?xml version="1.0" encoding="UTF-8"?>
<!-- Generated by org.testng.reporters.JUnitReportReporter -->
<testsuite hostname="magneto-anand" failures="0" tests="7" name="tests.EndToEndTest" time="70.770" errors="0" timestamp="2026-04-02T17:04:01 IST" skipped="0">
  <testcase classname="tests.EndToEndTest" name="verifyHomePage" time="8.684"/>
  <testcase classname="tests.EndToEndTest" name="signupTest" time="8.146"/>
  <testcase classname="tests.EndToEndTest" name="loginTest" time="22.317"/>
  <testcase classname="tests.EndToEndTest" name="aboutTest" time="7.095"/>
  <testcase classname="tests.EndToEndTest" name="contactTest" time="5.583"/>
  <testcase classname="tests.EndToEndTest" name="productTest" time="10.731"/>
  <testcase classname="tests.EndToEndTest" name="cartTest" time="8.214"/>
</testsuite> <!-- tests.EndToEndTest -->
